2015/05/27 05:23:51 [error] [exception.Exception] exception 'Exception' with message 'Invalid Bootstrap path and CDN URL not set. Set vendor.twbs.bootstrap.dist alias or cdnUrl parameter in the configuration file.' in /var/www/pipelines/protected/extensions/bootstrap/components/TbApi.php:245
Stack trace:
#0 /var/www/pipelines/protected/extensions/bootstrap/components/TbApi.php(75): TbApi->getBootstrapUrl()
#1 /var/www/pipelines/protected/extensions/bootstrap/components/TbApi.php(122): TbApi->registerCoreCss()
#2 /var/www/pipelines/protected/extensions/bootstrap/components/TbApi.php(167): TbApi->registerAllCss()
#3 /var/www/pipelines/protected/views/layouts/main.php(55): TbApi->register()
#4 /var/www/Yii/framework/web/CBaseController.php(126): require('/var/www/pipeli...')
#5 /var/www/Yii/framework/web/CBaseController.php(95): CBaseController->renderInternal('/var/www/pipeli...', Array, true)
#6 /var/www/Yii/framework/web/widgets/CContentDecorator.php(76): CBaseController->renderFile('/var/www/pipeli...', Array, true)
#7 /var/www/Yii/framework/web/widgets/CContentDecorator.php(54): CContentDecorator->decorate('<div id="conten...')
#8 /var/www/Yii/framework/web/widgets/COutputProcessor.php(44): CContentDecorator->processOutput('<div id="conten...')
#9 /var/www/Yii/framework/web/CBaseController.php(206): COutputProcessor->run()
#10 /var/www/Yii/framework/web/CBaseController.php(300): CBaseController->endWidget('CContentDecorat...')
#11 /var/www/pipelines/protected/views/layouts/column1.php(6): CBaseController->endContent()
#12 /var/www/Yii/framework/web/CBaseController.php(126): require('/var/www/pipeli...')
#13 /var/www/Yii/framework/web/CBaseController.php(95): CBaseController->renderInternal('/var/www/pipeli...', Array, true)
#14 /var/www/Yii/framework/web/CController.php(784): CBaseController->renderFile('/var/www/pipeli...', Array, true)
#15 /var/www/pipelines/protected/controllers/SiteController.php(32): CController->render('index')
#16 /var/www/Yii/framework/web/actions/CInlineAction.php(49): SiteController->actionIndex()
#17 /var/www/Yii/framework/web/CController.php(308): CInlineAction->runWithParams(Array)
#18 /var/www/Yii/framework/web/CController.php(286): CController->runAction(Object(CInlineAction))
#19 /var/www/Yii/framework/web/CController.php(265): CController->runActionWithFilters(Object(CInlineAction), Array)
#20 /var/www/Yii/framework/web/CWebApplication.php(282): CController->run('')
#21 /var/www/Yii/framework/web/CWebApplication.php(141): CWebApplication->runController('')
#22 /var/www/Yii/framework/base/CApplication.php(180): CWebApplication->processRequest()
#23 /var/www/pipelines/index.php(13): CApplication->run()
#24 {main}
REQUEST_URI=/pipelines/index.php
---
2015/05/27 05:24:54 [error] [exception.Exception] exception 'Exception' with message 'Invalid Bootstrap path and CDN URL not set. Set vendor.twbs.bootstrap.dist alias or cdnUrl parameter in the configuration file.' in /var/www/pipelines/protected/extensions/bootstrap/components/TbApi.php:245
Stack trace:
#0 /var/www/pipelines/protected/extensions/bootstrap/components/TbApi.php(75): TbApi->getBootstrapUrl()
#1 /var/www/pipelines/protected/extensions/bootstrap/components/TbApi.php(122): TbApi->registerCoreCss()
#2 /var/www/pipelines/protected/extensions/bootstrap/components/TbApi.php(167): TbApi->registerAllCss()
#3 /var/www/pipelines/protected/views/layouts/main.php(17): TbApi->register()
#4 /var/www/Yii/framework/web/CBaseController.php(126): require('/var/www/pipeli...')
#5 /var/www/Yii/framework/web/CBaseController.php(95): CBaseController->renderInternal('/var/www/pipeli...', Array, true)
#6 /var/www/Yii/framework/web/widgets/CContentDecorator.php(76): CBaseController->renderFile('/var/www/pipeli...', Array, true)
#7 /var/www/Yii/framework/web/widgets/CContentDecorator.php(54): CContentDecorator->decorate('<div id="conten...')
#8 /var/www/Yii/framework/web/widgets/COutputProcessor.php(44): CContentDecorator->processOutput('<div id="conten...')
#9 /var/www/Yii/framework/web/CBaseController.php(206): COutputProcessor->run()
#10 /var/www/Yii/framework/web/CBaseController.php(300): CBaseController->endWidget('CContentDecorat...')
#11 /var/www/pipelines/protected/views/layouts/column1.php(6): CBaseController->endContent()
#12 /var/www/Yii/framework/web/CBaseController.php(126): require('/var/www/pipeli...')
#13 /var/www/Yii/framework/web/CBaseController.php(95): CBaseController->renderInternal('/var/www/pipeli...', Array, true)
#14 /var/www/Yii/framework/web/CController.php(784): CBaseController->renderFile('/var/www/pipeli...', Array, true)
#15 /var/www/pipelines/protected/controllers/SiteController.php(32): CController->render('index')
#16 /var/www/Yii/framework/web/actions/CInlineAction.php(49): SiteController->actionIndex()
#17 /var/www/Yii/framework/web/CController.php(308): CInlineAction->runWithParams(Array)
#18 /var/www/Yii/framework/web/CController.php(286): CController->runAction(Object(CInlineAction))
#19 /var/www/Yii/framework/web/CController.php(265): CController->runActionWithFilters(Object(CInlineAction), Array)
#20 /var/www/Yii/framework/web/CWebApplication.php(282): CController->run('')
#21 /var/www/Yii/framework/web/CWebApplication.php(141): CWebApplication->runController('')
#22 /var/www/Yii/framework/base/CApplication.php(180): CWebApplication->processRequest()
#23 /var/www/pipelines/index.php(13): CApplication->run()
#24 {main}
REQUEST_URI=/pipelines/index.php
---
2015/05/27 05:27:23 [error] [exception.Exception] exception 'Exception' with message 'Invalid Bootstrap path and CDN URL not set. Set vendor.twbs.bootstrap.dist alias or cdnUrl parameter in the configuration file.' in /var/www/pipelines/protected/extensions/bootstrap/components/TbApi.php:245
Stack trace:
#0 /var/www/pipelines/protected/extensions/bootstrap/components/TbApi.php(75): TbApi->getBootstrapUrl()
#1 /var/www/pipelines/protected/extensions/bootstrap/components/TbApi.php(122): TbApi->registerCoreCss()
#2 /var/www/pipelines/protected/extensions/bootstrap/components/TbApi.php(167): TbApi->registerAllCss()
#3 /var/www/pipelines/protected/views/layouts/main.php(17): TbApi->register()
#4 /var/www/Yii/framework/web/CBaseController.php(126): require('/var/www/pipeli...')
#5 /var/www/Yii/framework/web/CBaseController.php(95): CBaseController->renderInternal('/var/www/pipeli...', Array, true)
#6 /var/www/Yii/framework/web/widgets/CContentDecorator.php(76): CBaseController->renderFile('/var/www/pipeli...', Array, true)
#7 /var/www/Yii/framework/web/widgets/CContentDecorator.php(54): CContentDecorator->decorate('<div id="conten...')
#8 /var/www/Yii/framework/web/widgets/COutputProcessor.php(44): CContentDecorator->processOutput('<div id="conten...')
#9 /var/www/Yii/framework/web/CBaseController.php(206): COutputProcessor->run()
#10 /var/www/Yii/framework/web/CBaseController.php(300): CBaseController->endWidget('CContentDecorat...')
#11 /var/www/pipelines/protected/views/layouts/column1.php(6): CBaseController->endContent()
#12 /var/www/Yii/framework/web/CBaseController.php(126): require('/var/www/pipeli...')
#13 /var/www/Yii/framework/web/CBaseController.php(95): CBaseController->renderInternal('/var/www/pipeli...', Array, true)
#14 /var/www/Yii/framework/web/CController.php(784): CBaseController->renderFile('/var/www/pipeli...', Array, true)
#15 /var/www/pipelines/protected/controllers/SiteController.php(32): CController->render('index')
#16 /var/www/Yii/framework/web/actions/CInlineAction.php(49): SiteController->actionIndex()
#17 /var/www/Yii/framework/web/CController.php(308): CInlineAction->runWithParams(Array)
#18 /var/www/Yii/framework/web/CController.php(286): CController->runAction(Object(CInlineAction))
#19 /var/www/Yii/framework/web/CController.php(265): CController->runActionWithFilters(Object(CInlineAction), Array)
#20 /var/www/Yii/framework/web/CWebApplication.php(282): CController->run('')
#21 /var/www/Yii/framework/web/CWebApplication.php(141): CWebApplication->runController('')
#22 /var/www/Yii/framework/base/CApplication.php(180): CWebApplication->processRequest()
#23 /var/www/pipelines/index.php(13): CApplication->run()
#24 {main}
REQUEST_URI=/pipelines/index.php
---
2015/05/27 05:33:29 [error] [exception.Exception] exception 'Exception' with message 'Invalid Bootstrap path and CDN URL not set. Set vendor.twbs.bootstrap.dist alias or cdnUrl parameter in the configuration file.' in /var/www/pipelines/protected/extensions/bootstrap/components/TbApi.php:245
Stack trace:
#0 /var/www/pipelines/protected/extensions/bootstrap/components/TbApi.php(75): TbApi->getBootstrapUrl()
#1 /var/www/pipelines/protected/extensions/bootstrap/components/TbApi.php(122): TbApi->registerCoreCss()
#2 /var/www/pipelines/protected/extensions/bootstrap/components/TbApi.php(167): TbApi->registerAllCss()
#3 /var/www/pipelines/protected/views/layouts/main.php(17): TbApi->register()
#4 /var/www/Yii/framework/web/CBaseController.php(126): require('/var/www/pipeli...')
#5 /var/www/Yii/framework/web/CBaseController.php(95): CBaseController->renderInternal('/var/www/pipeli...', Array, true)
#6 /var/www/Yii/framework/web/widgets/CContentDecorator.php(76): CBaseController->renderFile('/var/www/pipeli...', Array, true)
#7 /var/www/Yii/framework/web/widgets/CContentDecorator.php(54): CContentDecorator->decorate('<div id="conten...')
#8 /var/www/Yii/framework/web/widgets/COutputProcessor.php(44): CContentDecorator->processOutput('<div id="conten...')
#9 /var/www/Yii/framework/web/CBaseController.php(206): COutputProcessor->run()
#10 /var/www/Yii/framework/web/CBaseController.php(300): CBaseController->endWidget('CContentDecorat...')
#11 /var/www/pipelines/protected/views/layouts/column1.php(6): CBaseController->endContent()
#12 /var/www/Yii/framework/web/CBaseController.php(126): require('/var/www/pipeli...')
#13 /var/www/Yii/framework/web/CBaseController.php(95): CBaseController->renderInternal('/var/www/pipeli...', Array, true)
#14 /var/www/Yii/framework/web/CController.php(784): CBaseController->renderFile('/var/www/pipeli...', Array, true)
#15 /var/www/pipelines/protected/controllers/SiteController.php(32): CController->render('index')
#16 /var/www/Yii/framework/web/actions/CInlineAction.php(49): SiteController->actionIndex()
#17 /var/www/Yii/framework/web/CController.php(308): CInlineAction->runWithParams(Array)
#18 /var/www/Yii/framework/web/CController.php(286): CController->runAction(Object(CInlineAction))
#19 /var/www/Yii/framework/web/CController.php(265): CController->runActionWithFilters(Object(CInlineAction), Array)
#20 /var/www/Yii/framework/web/CWebApplication.php(282): CController->run('')
#21 /var/www/Yii/framework/web/CWebApplication.php(141): CWebApplication->runController('')
#22 /var/www/Yii/framework/base/CApplication.php(180): CWebApplication->processRequest()
#23 /var/www/pipelines/index.php(13): CApplication->run()
#24 {main}
REQUEST_URI=/pipelines/index.php
---
2015/05/27 05:41:33 [error] [exception.Exception] exception 'Exception' with message 'Invalid Bootstrap path and CDN URL not set. Set vendor.twbs.bootstrap.dist alias or cdnUrl parameter in the configuration file.' in /var/www/pipelines/protected/extensions/bootstrap/components/TbApi.php:245
Stack trace:
#0 /var/www/pipelines/protected/extensions/bootstrap/components/TbApi.php(75): TbApi->getBootstrapUrl()
#1 /var/www/pipelines/protected/extensions/bootstrap/components/TbApi.php(122): TbApi->registerCoreCss()
#2 /var/www/pipelines/protected/extensions/bootstrap/components/TbApi.php(167): TbApi->registerAllCss()
#3 /var/www/pipelines/protected/views/layouts/main.php(17): TbApi->register()
#4 /var/www/Yii/framework/web/CBaseController.php(126): require('/var/www/pipeli...')
#5 /var/www/Yii/framework/web/CBaseController.php(95): CBaseController->renderInternal('/var/www/pipeli...', Array, true)
#6 /var/www/Yii/framework/web/widgets/CContentDecorator.php(76): CBaseController->renderFile('/var/www/pipeli...', Array, true)
#7 /var/www/Yii/framework/web/widgets/CContentDecorator.php(54): CContentDecorator->decorate('<div id="conten...')
#8 /var/www/Yii/framework/web/widgets/COutputProcessor.php(44): CContentDecorator->processOutput('<div id="conten...')
#9 /var/www/Yii/framework/web/CBaseController.php(206): COutputProcessor->run()
#10 /var/www/Yii/framework/web/CBaseController.php(300): CBaseController->endWidget('CContentDecorat...')
#11 /var/www/pipelines/protected/views/layouts/column1.php(6): CBaseController->endContent()
#12 /var/www/Yii/framework/web/CBaseController.php(126): require('/var/www/pipeli...')
#13 /var/www/Yii/framework/web/CBaseController.php(95): CBaseController->renderInternal('/var/www/pipeli...', Array, true)
#14 /var/www/Yii/framework/web/CController.php(784): CBaseController->renderFile('/var/www/pipeli...', Array, true)
#15 /var/www/pipelines/protected/controllers/SiteController.php(32): CController->render('index')
#16 /var/www/Yii/framework/web/actions/CInlineAction.php(49): SiteController->actionIndex()
#17 /var/www/Yii/framework/web/CController.php(308): CInlineAction->runWithParams(Array)
#18 /var/www/Yii/framework/web/CController.php(286): CController->runAction(Object(CInlineAction))
#19 /var/www/Yii/framework/web/CController.php(265): CController->runActionWithFilters(Object(CInlineAction), Array)
#20 /var/www/Yii/framework/web/CWebApplication.php(282): CController->run('')
#21 /var/www/Yii/framework/web/CWebApplication.php(141): CWebApplication->runController('')
#22 /var/www/Yii/framework/base/CApplication.php(180): CWebApplication->processRequest()
#23 /var/www/pipelines/index.php(13): CApplication->run()
#24 {main}
REQUEST_URI=/pipelines/index.php
---
2015/05/27 05:41:35 [error] [exception.Exception] exception 'Exception' with message 'Invalid Bootstrap path and CDN URL not set. Set vendor.twbs.bootstrap.dist alias or cdnUrl parameter in the configuration file.' in /var/www/pipelines/protected/extensions/bootstrap/components/TbApi.php:245
Stack trace:
#0 /var/www/pipelines/protected/extensions/bootstrap/components/TbApi.php(75): TbApi->getBootstrapUrl()
#1 /var/www/pipelines/protected/extensions/bootstrap/components/TbApi.php(122): TbApi->registerCoreCss()
#2 /var/www/pipelines/protected/extensions/bootstrap/components/TbApi.php(167): TbApi->registerAllCss()
#3 /var/www/pipelines/protected/views/layouts/main.php(17): TbApi->register()
#4 /var/www/Yii/framework/web/CBaseController.php(126): require('/var/www/pipeli...')
#5 /var/www/Yii/framework/web/CBaseController.php(95): CBaseController->renderInternal('/var/www/pipeli...', Array, true)
#6 /var/www/Yii/framework/web/widgets/CContentDecorator.php(76): CBaseController->renderFile('/var/www/pipeli...', Array, true)
#7 /var/www/Yii/framework/web/widgets/CContentDecorator.php(54): CContentDecorator->decorate('<div id="conten...')
#8 /var/www/Yii/framework/web/widgets/COutputProcessor.php(44): CContentDecorator->processOutput('<div id="conten...')
#9 /var/www/Yii/framework/web/CBaseController.php(206): COutputProcessor->run()
#10 /var/www/Yii/framework/web/CBaseController.php(300): CBaseController->endWidget('CContentDecorat...')
#11 /var/www/pipelines/protected/views/layouts/column1.php(6): CBaseController->endContent()
#12 /var/www/Yii/framework/web/CBaseController.php(126): require('/var/www/pipeli...')
#13 /var/www/Yii/framework/web/CBaseController.php(95): CBaseController->renderInternal('/var/www/pipeli...', Array, true)
#14 /var/www/Yii/framework/web/CController.php(784): CBaseController->renderFile('/var/www/pipeli...', Array, true)
#15 /var/www/pipelines/protected/controllers/SiteController.php(32): CController->render('index')
#16 /var/www/Yii/framework/web/actions/CInlineAction.php(49): SiteController->actionIndex()
#17 /var/www/Yii/framework/web/CController.php(308): CInlineAction->runWithParams(Array)
#18 /var/www/Yii/framework/web/CController.php(286): CController->runAction(Object(CInlineAction))
#19 /var/www/Yii/framework/web/CController.php(265): CController->runActionWithFilters(Object(CInlineAction), Array)
#20 /var/www/Yii/framework/web/CWebApplication.php(282): CController->run('')
#21 /var/www/Yii/framework/web/CWebApplication.php(141): CWebApplication->runController('')
#22 /var/www/Yii/framework/base/CApplication.php(180): CWebApplication->processRequest()
#23 /var/www/pipelines/index.php(13): CApplication->run()
#24 {main}
REQUEST_URI=/pipelines/index.php
---
2015/05/27 05:43:12 [error] [exception.Exception] exception 'Exception' with message 'Invalid Bootstrap path and CDN URL not set. Set vendor.twbs.bootstrap.dist alias or cdnUrl parameter in the configuration file.' in /var/www/pipelines/protected/extensions/bootstrap/components/TbApi.php:245
Stack trace:
#0 /var/www/pipelines/protected/extensions/bootstrap/components/TbApi.php(75): TbApi->getBootstrapUrl()
#1 /var/www/pipelines/protected/extensions/bootstrap/components/TbApi.php(122): TbApi->registerCoreCss()
#2 /var/www/pipelines/protected/extensions/bootstrap/components/TbApi.php(167): TbApi->registerAllCss()
#3 /var/www/pipelines/protected/views/layouts/main.php(17): TbApi->register()
#4 /var/www/Yii/framework/web/CBaseController.php(126): require('/var/www/pipeli...')
#5 /var/www/Yii/framework/web/CBaseController.php(95): CBaseController->renderInternal('/var/www/pipeli...', Array, true)
#6 /var/www/Yii/framework/web/widgets/CContentDecorator.php(76): CBaseController->renderFile('/var/www/pipeli...', Array, true)
#7 /var/www/Yii/framework/web/widgets/CContentDecorator.php(54): CContentDecorator->decorate('<div id="conten...')
#8 /var/www/Yii/framework/web/widgets/COutputProcessor.php(44): CContentDecorator->processOutput('<div id="conten...')
#9 /var/www/Yii/framework/web/CBaseController.php(206): COutputProcessor->run()
#10 /var/www/Yii/framework/web/CBaseController.php(300): CBaseController->endWidget('CContentDecorat...')
#11 /var/www/pipelines/protected/views/layouts/column1.php(6): CBaseController->endContent()
#12 /var/www/Yii/framework/web/CBaseController.php(126): require('/var/www/pipeli...')
#13 /var/www/Yii/framework/web/CBaseController.php(95): CBaseController->renderInternal('/var/www/pipeli...', Array, true)
#14 /var/www/Yii/framework/web/CController.php(784): CBaseController->renderFile('/var/www/pipeli...', Array, true)
#15 /var/www/pipelines/protected/controllers/SiteController.php(32): CController->render('index')
#16 /var/www/Yii/framework/web/actions/CInlineAction.php(49): SiteController->actionIndex()
#17 /var/www/Yii/framework/web/CController.php(308): CInlineAction->runWithParams(Array)
#18 /var/www/Yii/framework/web/CController.php(286): CController->runAction(Object(CInlineAction))
#19 /var/www/Yii/framework/web/CController.php(265): CController->runActionWithFilters(Object(CInlineAction), Array)
#20 /var/www/Yii/framework/web/CWebApplication.php(282): CController->run('')
#21 /var/www/Yii/framework/web/CWebApplication.php(141): CWebApplication->runController('')
#22 /var/www/Yii/framework/base/CApplication.php(180): CWebApplication->processRequest()
#23 /var/www/pipelines/index.php(13): CApplication->run()
#24 {main}
REQUEST_URI=/pipelines/index.php
---
2015/05/27 05:43:13 [error] [exception.Exception] exception 'Exception' with message 'Invalid Bootstrap path and CDN URL not set. Set vendor.twbs.bootstrap.dist alias or cdnUrl parameter in the configuration file.' in /var/www/pipelines/protected/extensions/bootstrap/components/TbApi.php:245
Stack trace:
#0 /var/www/pipelines/protected/extensions/bootstrap/components/TbApi.php(75): TbApi->getBootstrapUrl()
#1 /var/www/pipelines/protected/extensions/bootstrap/components/TbApi.php(122): TbApi->registerCoreCss()
#2 /var/www/pipelines/protected/extensions/bootstrap/components/TbApi.php(167): TbApi->registerAllCss()
#3 /var/www/pipelines/protected/views/layouts/main.php(17): TbApi->register()
#4 /var/www/Yii/framework/web/CBaseController.php(126): require('/var/www/pipeli...')
#5 /var/www/Yii/framework/web/CBaseController.php(95): CBaseController->renderInternal('/var/www/pipeli...', Array, true)
#6 /var/www/Yii/framework/web/widgets/CContentDecorator.php(76): CBaseController->renderFile('/var/www/pipeli...', Array, true)
#7 /var/www/Yii/framework/web/widgets/CContentDecorator.php(54): CContentDecorator->decorate('<div id="conten...')
#8 /var/www/Yii/framework/web/widgets/COutputProcessor.php(44): CContentDecorator->processOutput('<div id="conten...')
#9 /var/www/Yii/framework/web/CBaseController.php(206): COutputProcessor->run()
#10 /var/www/Yii/framework/web/CBaseController.php(300): CBaseController->endWidget('CContentDecorat...')
#11 /var/www/pipelines/protected/views/layouts/column1.php(6): CBaseController->endContent()
#12 /var/www/Yii/framework/web/CBaseController.php(126): require('/var/www/pipeli...')
#13 /var/www/Yii/framework/web/CBaseController.php(95): CBaseController->renderInternal('/var/www/pipeli...', Array, true)
#14 /var/www/Yii/framework/web/CController.php(784): CBaseController->renderFile('/var/www/pipeli...', Array, true)
#15 /var/www/pipelines/protected/controllers/SiteController.php(32): CController->render('index')
#16 /var/www/Yii/framework/web/actions/CInlineAction.php(49): SiteController->actionIndex()
#17 /var/www/Yii/framework/web/CController.php(308): CInlineAction->runWithParams(Array)
#18 /var/www/Yii/framework/web/CController.php(286): CController->runAction(Object(CInlineAction))
#19 /var/www/Yii/framework/web/CController.php(265): CController->runActionWithFilters(Object(CInlineAction), Array)
#20 /var/www/Yii/framework/web/CWebApplication.php(282): CController->run('')
#21 /var/www/Yii/framework/web/CWebApplication.php(141): CWebApplication->runController('')
#22 /var/www/Yii/framework/base/CApplication.php(180): CWebApplication->processRequest()
#23 /var/www/pipelines/index.php(13): CApplication->run()
#24 {main}
REQUEST_URI=/pipelines/index.php
---
2015/05/27 05:43:14 [error] [exception.Exception] exception 'Exception' with message 'Invalid Bootstrap path and CDN URL not set. Set vendor.twbs.bootstrap.dist alias or cdnUrl parameter in the configuration file.' in /var/www/pipelines/protected/extensions/bootstrap/components/TbApi.php:245
Stack trace:
#0 /var/www/pipelines/protected/extensions/bootstrap/components/TbApi.php(75): TbApi->getBootstrapUrl()
#1 /var/www/pipelines/protected/extensions/bootstrap/components/TbApi.php(122): TbApi->registerCoreCss()
#2 /var/www/pipelines/protected/extensions/bootstrap/components/TbApi.php(167): TbApi->registerAllCss()
#3 /var/www/pipelines/protected/views/layouts/main.php(17): TbApi->register()
#4 /var/www/Yii/framework/web/CBaseController.php(126): require('/var/www/pipeli...')
#5 /var/www/Yii/framework/web/CBaseController.php(95): CBaseController->renderInternal('/var/www/pipeli...', Array, true)
#6 /var/www/Yii/framework/web/widgets/CContentDecorator.php(76): CBaseController->renderFile('/var/www/pipeli...', Array, true)
#7 /var/www/Yii/framework/web/widgets/CContentDecorator.php(54): CContentDecorator->decorate('<div id="conten...')
#8 /var/www/Yii/framework/web/widgets/COutputProcessor.php(44): CContentDecorator->processOutput('<div id="conten...')
#9 /var/www/Yii/framework/web/CBaseController.php(206): COutputProcessor->run()
#10 /var/www/Yii/framework/web/CBaseController.php(300): CBaseController->endWidget('CContentDecorat...')
#11 /var/www/pipelines/protected/views/layouts/column1.php(6): CBaseController->endContent()
#12 /var/www/Yii/framework/web/CBaseController.php(126): require('/var/www/pipeli...')
#13 /var/www/Yii/framework/web/CBaseController.php(95): CBaseController->renderInternal('/var/www/pipeli...', Array, true)
#14 /var/www/Yii/framework/web/CController.php(784): CBaseController->renderFile('/var/www/pipeli...', Array, true)
#15 /var/www/pipelines/protected/controllers/SiteController.php(32): CController->render('index')
#16 /var/www/Yii/framework/web/actions/CInlineAction.php(49): SiteController->actionIndex()
#17 /var/www/Yii/framework/web/CController.php(308): CInlineAction->runWithParams(Array)
#18 /var/www/Yii/framework/web/CController.php(286): CController->runAction(Object(CInlineAction))
#19 /var/www/Yii/framework/web/CController.php(265): CController->runActionWithFilters(Object(CInlineAction), Array)
#20 /var/www/Yii/framework/web/CWebApplication.php(282): CController->run('')
#21 /var/www/Yii/framework/web/CWebApplication.php(141): CWebApplication->runController('')
#22 /var/www/Yii/framework/base/CApplication.php(180): CWebApplication->processRequest()
#23 /var/www/pipelines/index.php(13): CApplication->run()
#24 {main}
REQUEST_URI=/pipelines/index.php
---
2015/05/27 05:43:15 [error] [exception.Exception] exception 'Exception' with message 'Invalid Bootstrap path and CDN URL not set. Set vendor.twbs.bootstrap.dist alias or cdnUrl parameter in the configuration file.' in /var/www/pipelines/protected/extensions/bootstrap/components/TbApi.php:245
Stack trace:
#0 /var/www/pipelines/protected/extensions/bootstrap/components/TbApi.php(75): TbApi->getBootstrapUrl()
#1 /var/www/pipelines/protected/extensions/bootstrap/components/TbApi.php(122): TbApi->registerCoreCss()
#2 /var/www/pipelines/protected/extensions/bootstrap/components/TbApi.php(167): TbApi->registerAllCss()
#3 /var/www/pipelines/protected/views/layouts/main.php(17): TbApi->register()
#4 /var/www/Yii/framework/web/CBaseController.php(126): require('/var/www/pipeli...')
#5 /var/www/Yii/framework/web/CBaseController.php(95): CBaseController->renderInternal('/var/www/pipeli...', Array, true)
#6 /var/www/Yii/framework/web/widgets/CContentDecorator.php(76): CBaseController->renderFile('/var/www/pipeli...', Array, true)
#7 /var/www/Yii/framework/web/widgets/CContentDecorator.php(54): CContentDecorator->decorate('<div id="conten...')
#8 /var/www/Yii/framework/web/widgets/COutputProcessor.php(44): CContentDecorator->processOutput('<div id="conten...')
#9 /var/www/Yii/framework/web/CBaseController.php(206): COutputProcessor->run()
#10 /var/www/Yii/framework/web/CBaseController.php(300): CBaseController->endWidget('CContentDecorat...')
#11 /var/www/pipelines/protected/views/layouts/column1.php(6): CBaseController->endContent()
#12 /var/www/Yii/framework/web/CBaseController.php(126): require('/var/www/pipeli...')
#13 /var/www/Yii/framework/web/CBaseController.php(95): CBaseController->renderInternal('/var/www/pipeli...', Array, true)
#14 /var/www/Yii/framework/web/CController.php(784): CBaseController->renderFile('/var/www/pipeli...', Array, true)
#15 /var/www/pipelines/protected/controllers/SiteController.php(32): CController->render('index')
#16 /var/www/Yii/framework/web/actions/CInlineAction.php(49): SiteController->actionIndex()
#17 /var/www/Yii/framework/web/CController.php(308): CInlineAction->runWithParams(Array)
#18 /var/www/Yii/framework/web/CController.php(286): CController->runAction(Object(CInlineAction))
#19 /var/www/Yii/framework/web/CController.php(265): CController->runActionWithFilters(Object(CInlineAction), Array)
#20 /var/www/Yii/framework/web/CWebApplication.php(282): CController->run('')
#21 /var/www/Yii/framework/web/CWebApplication.php(141): CWebApplication->runController('')
#22 /var/www/Yii/framework/base/CApplication.php(180): CWebApplication->processRequest()
#23 /var/www/pipelines/index.php(13): CApplication->run()
#24 {main}
REQUEST_URI=/pipelines/index.php
---
2015/05/27 05:43:45 [error] [exception.Exception] exception 'Exception' with message 'Invalid Bootstrap path and CDN URL not set. Set vendor.twbs.bootstrap.dist alias or cdnUrl parameter in the configuration file.' in /var/www/pipelines/protected/extensions/bootstrap/components/TbApi.php:245
Stack trace:
#0 /var/www/pipelines/protected/extensions/bootstrap/components/TbApi.php(75): TbApi->getBootstrapUrl()
#1 /var/www/pipelines/protected/extensions/bootstrap/components/TbApi.php(122): TbApi->registerCoreCss()
#2 /var/www/pipelines/protected/extensions/bootstrap/components/TbApi.php(167): TbApi->registerAllCss()
#3 /var/www/pipelines/protected/views/layouts/main.php(17): TbApi->register()
#4 /var/www/Yii/framework/web/CBaseController.php(126): require('/var/www/pipeli...')
#5 /var/www/Yii/framework/web/CBaseController.php(95): CBaseController->renderInternal('/var/www/pipeli...', Array, true)
#6 /var/www/Yii/framework/web/widgets/CContentDecorator.php(76): CBaseController->renderFile('/var/www/pipeli...', Array, true)
#7 /var/www/Yii/framework/web/widgets/CContentDecorator.php(54): CContentDecorator->decorate('<div id="conten...')
#8 /var/www/Yii/framework/web/widgets/COutputProcessor.php(44): CContentDecorator->processOutput('<div id="conten...')
#9 /var/www/Yii/framework/web/CBaseController.php(206): COutputProcessor->run()
#10 /var/www/Yii/framework/web/CBaseController.php(300): CBaseController->endWidget('CContentDecorat...')
#11 /var/www/pipelines/protected/views/layouts/column1.php(6): CBaseController->endContent()
#12 /var/www/Yii/framework/web/CBaseController.php(126): require('/var/www/pipeli...')
#13 /var/www/Yii/framework/web/CBaseController.php(95): CBaseController->renderInternal('/var/www/pipeli...', Array, true)
#14 /var/www/Yii/framework/web/CController.php(784): CBaseController->renderFile('/var/www/pipeli...', Array, true)
#15 /var/www/pipelines/protected/controllers/SiteController.php(32): CController->render('index')
#16 /var/www/Yii/framework/web/actions/CInlineAction.php(49): SiteController->actionIndex()
#17 /var/www/Yii/framework/web/CController.php(308): CInlineAction->runWithParams(Array)
#18 /var/www/Yii/framework/web/CController.php(286): CController->runAction(Object(CInlineAction))
#19 /var/www/Yii/framework/web/CController.php(265): CController->runActionWithFilters(Object(CInlineAction), Array)
#20 /var/www/Yii/framework/web/CWebApplication.php(282): CController->run('')
#21 /var/www/Yii/framework/web/CWebApplication.php(141): CWebApplication->runController('')
#22 /var/www/Yii/framework/base/CApplication.php(180): CWebApplication->processRequest()
#23 /var/www/pipelines/index.php(13): CApplication->run()
#24 {main}
REQUEST_URI=/pipelines/index.php
---
2015/05/27 05:52:20 [error] [exception.Exception] exception 'Exception' with message 'Invalid Bootstrap path and CDN URL not set. Set vendor.twbs.bootstrap.dist alias or cdnUrl parameter in the configuration file.' in /var/www/pipelines/protected/extensions/bootstrap/components/TbApi.php:245
Stack trace:
#0 /var/www/pipelines/protected/extensions/bootstrap/components/TbApi.php(75): TbApi->getBootstrapUrl()
#1 /var/www/pipelines/protected/extensions/bootstrap/components/TbApi.php(122): TbApi->registerCoreCss()
#2 /var/www/pipelines/protected/extensions/bootstrap/components/TbApi.php(167): TbApi->registerAllCss()
#3 /var/www/pipelines/protected/views/layouts/main.php(17): TbApi->register()
#4 /var/www/Yii/framework/web/CBaseController.php(126): require('/var/www/pipeli...')
#5 /var/www/Yii/framework/web/CBaseController.php(95): CBaseController->renderInternal('/var/www/pipeli...', Array, true)
#6 /var/www/Yii/framework/web/widgets/CContentDecorator.php(76): CBaseController->renderFile('/var/www/pipeli...', Array, true)
#7 /var/www/Yii/framework/web/widgets/CContentDecorator.php(54): CContentDecorator->decorate('<div id="conten...')
#8 /var/www/Yii/framework/web/widgets/COutputProcessor.php(44): CContentDecorator->processOutput('<div id="conten...')
#9 /var/www/Yii/framework/web/CBaseController.php(206): COutputProcessor->run()
#10 /var/www/Yii/framework/web/CBaseController.php(300): CBaseController->endWidget('CContentDecorat...')
#11 /var/www/pipelines/protected/views/layouts/column1.php(6): CBaseController->endContent()
#12 /var/www/Yii/framework/web/CBaseController.php(126): require('/var/www/pipeli...')
#13 /var/www/Yii/framework/web/CBaseController.php(95): CBaseController->renderInternal('/var/www/pipeli...', Array, true)
#14 /var/www/Yii/framework/web/CController.php(784): CBaseController->renderFile('/var/www/pipeli...', Array, true)
#15 /var/www/pipelines/protected/controllers/SiteController.php(32): CController->render('index')
#16 /var/www/Yii/framework/web/actions/CInlineAction.php(49): SiteController->actionIndex()
#17 /var/www/Yii/framework/web/CController.php(308): CInlineAction->runWithParams(Array)
#18 /var/www/Yii/framework/web/CController.php(286): CController->runAction(Object(CInlineAction))
#19 /var/www/Yii/framework/web/CController.php(265): CController->runActionWithFilters(Object(CInlineAction), Array)
#20 /var/www/Yii/framework/web/CWebApplication.php(282): CController->run('')
#21 /var/www/Yii/framework/web/CWebApplication.php(141): CWebApplication->runController('')
#22 /var/www/Yii/framework/base/CApplication.php(180): CWebApplication->processRequest()
#23 /var/www/pipelines/index.php(13): CApplication->run()
#24 {main}
REQUEST_URI=/pipelines/index.php
---
2015/05/27 05:52:21 [error] [exception.Exception] exception 'Exception' with message 'Invalid Bootstrap path and CDN URL not set. Set vendor.twbs.bootstrap.dist alias or cdnUrl parameter in the configuration file.' in /var/www/pipelines/protected/extensions/bootstrap/components/TbApi.php:245
Stack trace:
#0 /var/www/pipelines/protected/extensions/bootstrap/components/TbApi.php(75): TbApi->getBootstrapUrl()
#1 /var/www/pipelines/protected/extensions/bootstrap/components/TbApi.php(122): TbApi->registerCoreCss()
#2 /var/www/pipelines/protected/extensions/bootstrap/components/TbApi.php(167): TbApi->registerAllCss()
#3 /var/www/pipelines/protected/views/layouts/main.php(17): TbApi->register()
#4 /var/www/Yii/framework/web/CBaseController.php(126): require('/var/www/pipeli...')
#5 /var/www/Yii/framework/web/CBaseController.php(95): CBaseController->renderInternal('/var/www/pipeli...', Array, true)
#6 /var/www/Yii/framework/web/widgets/CContentDecorator.php(76): CBaseController->renderFile('/var/www/pipeli...', Array, true)
#7 /var/www/Yii/framework/web/widgets/CContentDecorator.php(54): CContentDecorator->decorate('<div id="conten...')
#8 /var/www/Yii/framework/web/widgets/COutputProcessor.php(44): CContentDecorator->processOutput('<div id="conten...')
#9 /var/www/Yii/framework/web/CBaseController.php(206): COutputProcessor->run()
#10 /var/www/Yii/framework/web/CBaseController.php(300): CBaseController->endWidget('CContentDecorat...')
#11 /var/www/pipelines/protected/views/layouts/column1.php(6): CBaseController->endContent()
#12 /var/www/Yii/framework/web/CBaseController.php(126): require('/var/www/pipeli...')
#13 /var/www/Yii/framework/web/CBaseController.php(95): CBaseController->renderInternal('/var/www/pipeli...', Array, true)
#14 /var/www/Yii/framework/web/CController.php(784): CBaseController->renderFile('/var/www/pipeli...', Array, true)
#15 /var/www/pipelines/protected/controllers/SiteController.php(32): CController->render('index')
#16 /var/www/Yii/framework/web/actions/CInlineAction.php(49): SiteController->actionIndex()
#17 /var/www/Yii/framework/web/CController.php(308): CInlineAction->runWithParams(Array)
#18 /var/www/Yii/framework/web/CController.php(286): CController->runAction(Object(CInlineAction))
#19 /var/www/Yii/framework/web/CController.php(265): CController->runActionWithFilters(Object(CInlineAction), Array)
#20 /var/www/Yii/framework/web/CWebApplication.php(282): CController->run('')
#21 /var/www/Yii/framework/web/CWebApplication.php(141): CWebApplication->runController('')
#22 /var/www/Yii/framework/base/CApplication.php(180): CWebApplication->processRequest()
#23 /var/www/pipelines/index.php(13): CApplication->run()
#24 {main}
REQUEST_URI=/pipelines/index.php
---
2015/05/27 05:52:22 [error] [exception.Exception] exception 'Exception' with message 'Invalid Bootstrap path and CDN URL not set. Set vendor.twbs.bootstrap.dist alias or cdnUrl parameter in the configuration file.' in /var/www/pipelines/protected/extensions/bootstrap/components/TbApi.php:245
Stack trace:
#0 /var/www/pipelines/protected/extensions/bootstrap/components/TbApi.php(75): TbApi->getBootstrapUrl()
#1 /var/www/pipelines/protected/extensions/bootstrap/components/TbApi.php(122): TbApi->registerCoreCss()
#2 /var/www/pipelines/protected/extensions/bootstrap/components/TbApi.php(167): TbApi->registerAllCss()
#3 /var/www/pipelines/protected/views/layouts/main.php(17): TbApi->register()
#4 /var/www/Yii/framework/web/CBaseController.php(126): require('/var/www/pipeli...')
#5 /var/www/Yii/framework/web/CBaseController.php(95): CBaseController->renderInternal('/var/www/pipeli...', Array, true)
#6 /var/www/Yii/framework/web/widgets/CContentDecorator.php(76): CBaseController->renderFile('/var/www/pipeli...', Array, true)
#7 /var/www/Yii/framework/web/widgets/CContentDecorator.php(54): CContentDecorator->decorate('<div id="conten...')
#8 /var/www/Yii/framework/web/widgets/COutputProcessor.php(44): CContentDecorator->processOutput('<div id="conten...')
#9 /var/www/Yii/framework/web/CBaseController.php(206): COutputProcessor->run()
#10 /var/www/Yii/framework/web/CBaseController.php(300): CBaseController->endWidget('CContentDecorat...')
#11 /var/www/pipelines/protected/views/layouts/column1.php(6): CBaseController->endContent()
#12 /var/www/Yii/framework/web/CBaseController.php(126): require('/var/www/pipeli...')
#13 /var/www/Yii/framework/web/CBaseController.php(95): CBaseController->renderInternal('/var/www/pipeli...', Array, true)
#14 /var/www/Yii/framework/web/CController.php(784): CBaseController->renderFile('/var/www/pipeli...', Array, true)
#15 /var/www/pipelines/protected/controllers/SiteController.php(32): CController->render('index')
#16 /var/www/Yii/framework/web/actions/CInlineAction.php(49): SiteController->actionIndex()
#17 /var/www/Yii/framework/web/CController.php(308): CInlineAction->runWithParams(Array)
#18 /var/www/Yii/framework/web/CController.php(286): CController->runAction(Object(CInlineAction))
#19 /var/www/Yii/framework/web/CController.php(265): CController->runActionWithFilters(Object(CInlineAction), Array)
#20 /var/www/Yii/framework/web/CWebApplication.php(282): CController->run('')
#21 /var/www/Yii/framework/web/CWebApplication.php(141): CWebApplication->runController('')
#22 /var/www/Yii/framework/base/CApplication.php(180): CWebApplication->processRequest()
#23 /var/www/pipelines/index.php(13): CApplication->run()
#24 {main}
REQUEST_URI=/pipelines/index.php
---
2015/05/27 05:52:22 [error] [exception.Exception] exception 'Exception' with message 'Invalid Bootstrap path and CDN URL not set. Set vendor.twbs.bootstrap.dist alias or cdnUrl parameter in the configuration file.' in /var/www/pipelines/protected/extensions/bootstrap/components/TbApi.php:245
Stack trace:
#0 /var/www/pipelines/protected/extensions/bootstrap/components/TbApi.php(75): TbApi->getBootstrapUrl()
#1 /var/www/pipelines/protected/extensions/bootstrap/components/TbApi.php(122): TbApi->registerCoreCss()
#2 /var/www/pipelines/protected/extensions/bootstrap/components/TbApi.php(167): TbApi->registerAllCss()
#3 /var/www/pipelines/protected/views/layouts/main.php(17): TbApi->register()
#4 /var/www/Yii/framework/web/CBaseController.php(126): require('/var/www/pipeli...')
#5 /var/www/Yii/framework/web/CBaseController.php(95): CBaseController->renderInternal('/var/www/pipeli...', Array, true)
#6 /var/www/Yii/framework/web/widgets/CContentDecorator.php(76): CBaseController->renderFile('/var/www/pipeli...', Array, true)
#7 /var/www/Yii/framework/web/widgets/CContentDecorator.php(54): CContentDecorator->decorate('<div id="conten...')
#8 /var/www/Yii/framework/web/widgets/COutputProcessor.php(44): CContentDecorator->processOutput('<div id="conten...')
#9 /var/www/Yii/framework/web/CBaseController.php(206): COutputProcessor->run()
#10 /var/www/Yii/framework/web/CBaseController.php(300): CBaseController->endWidget('CContentDecorat...')
#11 /var/www/pipelines/protected/views/layouts/column1.php(6): CBaseController->endContent()
#12 /var/www/Yii/framework/web/CBaseController.php(126): require('/var/www/pipeli...')
#13 /var/www/Yii/framework/web/CBaseController.php(95): CBaseController->renderInternal('/var/www/pipeli...', Array, true)
#14 /var/www/Yii/framework/web/CController.php(784): CBaseController->renderFile('/var/www/pipeli...', Array, true)
#15 /var/www/pipelines/protected/controllers/SiteController.php(32): CController->render('index')
#16 /var/www/Yii/framework/web/actions/CInlineAction.php(49): SiteController->actionIndex()
#17 /var/www/Yii/framework/web/CController.php(308): CInlineAction->runWithParams(Array)
#18 /var/www/Yii/framework/web/CController.php(286): CController->runAction(Object(CInlineAction))
#19 /var/www/Yii/framework/web/CController.php(265): CController->runActionWithFilters(Object(CInlineAction), Array)
#20 /var/www/Yii/framework/web/CWebApplication.php(282): CController->run('')
#21 /var/www/Yii/framework/web/CWebApplication.php(141): CWebApplication->runController('')
#22 /var/www/Yii/framework/base/CApplication.php(180): CWebApplication->processRequest()
#23 /var/www/pipelines/index.php(13): CApplication->run()
#24 {main}
REQUEST_URI=/pipelines/index.php
---
2015/05/27 05:56:31 [error] [exception.Exception] exception 'Exception' with message 'Invalid Bootstrap path and CDN URL not set. Set vendor.twbs.bootstrap.dist alias or cdnUrl parameter in the configuration file.' in /var/www/pipelines/protected/extensions/bootstrap/components/TbApi.php:245
Stack trace:
#0 /var/www/pipelines/protected/extensions/bootstrap/components/TbApi.php(75): TbApi->getBootstrapUrl()
#1 /var/www/pipelines/protected/extensions/bootstrap/components/TbApi.php(122): TbApi->registerCoreCss()
#2 /var/www/pipelines/protected/extensions/bootstrap/components/TbApi.php(167): TbApi->registerAllCss()
#3 /var/www/pipelines/protected/views/layouts/main.php(17): TbApi->register()
#4 /var/www/Yii/framework/web/CBaseController.php(126): require('/var/www/pipeli...')
#5 /var/www/Yii/framework/web/CBaseController.php(95): CBaseController->renderInternal('/var/www/pipeli...', Array, true)
#6 /var/www/Yii/framework/web/widgets/CContentDecorator.php(76): CBaseController->renderFile('/var/www/pipeli...', Array, true)
#7 /var/www/Yii/framework/web/widgets/CContentDecorator.php(54): CContentDecorator->decorate('<div id="conten...')
#8 /var/www/Yii/framework/web/widgets/COutputProcessor.php(44): CContentDecorator->processOutput('<div id="conten...')
#9 /var/www/Yii/framework/web/CBaseController.php(206): COutputProcessor->run()
#10 /var/www/Yii/framework/web/CBaseController.php(300): CBaseController->endWidget('CContentDecorat...')
#11 /var/www/pipelines/protected/views/layouts/column1.php(6): CBaseController->endContent()
#12 /var/www/Yii/framework/web/CBaseController.php(126): require('/var/www/pipeli...')
#13 /var/www/Yii/framework/web/CBaseController.php(95): CBaseController->renderInternal('/var/www/pipeli...', Array, true)
#14 /var/www/Yii/framework/web/CController.php(784): CBaseController->renderFile('/var/www/pipeli...', Array, true)
#15 /var/www/pipelines/protected/controllers/SiteController.php(32): CController->render('index')
#16 /var/www/Yii/framework/web/actions/CInlineAction.php(49): SiteController->actionIndex()
#17 /var/www/Yii/framework/web/CController.php(308): CInlineAction->runWithParams(Array)
#18 /var/www/Yii/framework/web/CController.php(286): CController->runAction(Object(CInlineAction))
#19 /var/www/Yii/framework/web/CController.php(265): CController->runActionWithFilters(Object(CInlineAction), Array)
#20 /var/www/Yii/framework/web/CWebApplication.php(282): CController->run('')
#21 /var/www/Yii/framework/web/CWebApplication.php(141): CWebApplication->runController('')
#22 /var/www/Yii/framework/base/CApplication.php(180): CWebApplication->processRequest()
#23 /var/www/pipelines/index.php(13): CApplication->run()
#24 {main}
REQUEST_URI=/pipelines/index.php
---
2015/05/27 05:56:32 [error] [exception.Exception] exception 'Exception' with message 'Invalid Bootstrap path and CDN URL not set. Set vendor.twbs.bootstrap.dist alias or cdnUrl parameter in the configuration file.' in /var/www/pipelines/protected/extensions/bootstrap/components/TbApi.php:245
Stack trace:
#0 /var/www/pipelines/protected/extensions/bootstrap/components/TbApi.php(75): TbApi->getBootstrapUrl()
#1 /var/www/pipelines/protected/extensions/bootstrap/components/TbApi.php(122): TbApi->registerCoreCss()
#2 /var/www/pipelines/protected/extensions/bootstrap/components/TbApi.php(167): TbApi->registerAllCss()
#3 /var/www/pipelines/protected/views/layouts/main.php(17): TbApi->register()
#4 /var/www/Yii/framework/web/CBaseController.php(126): require('/var/www/pipeli...')
#5 /var/www/Yii/framework/web/CBaseController.php(95): CBaseController->renderInternal('/var/www/pipeli...', Array, true)
#6 /var/www/Yii/framework/web/widgets/CContentDecorator.php(76): CBaseController->renderFile('/var/www/pipeli...', Array, true)
#7 /var/www/Yii/framework/web/widgets/CContentDecorator.php(54): CContentDecorator->decorate('<div id="conten...')
#8 /var/www/Yii/framework/web/widgets/COutputProcessor.php(44): CContentDecorator->processOutput('<div id="conten...')
#9 /var/www/Yii/framework/web/CBaseController.php(206): COutputProcessor->run()
#10 /var/www/Yii/framework/web/CBaseController.php(300): CBaseController->endWidget('CContentDecorat...')
#11 /var/www/pipelines/protected/views/layouts/column1.php(6): CBaseController->endContent()
#12 /var/www/Yii/framework/web/CBaseController.php(126): require('/var/www/pipeli...')
#13 /var/www/Yii/framework/web/CBaseController.php(95): CBaseController->renderInternal('/var/www/pipeli...', Array, true)
#14 /var/www/Yii/framework/web/CController.php(784): CBaseController->renderFile('/var/www/pipeli...', Array, true)
#15 /var/www/pipelines/protected/controllers/SiteController.php(32): CController->render('index')
#16 /var/www/Yii/framework/web/actions/CInlineAction.php(49): SiteController->actionIndex()
#17 /var/www/Yii/framework/web/CController.php(308): CInlineAction->runWithParams(Array)
#18 /var/www/Yii/framework/web/CController.php(286): CController->runAction(Object(CInlineAction))
#19 /var/www/Yii/framework/web/CController.php(265): CController->runActionWithFilters(Object(CInlineAction), Array)
#20 /var/www/Yii/framework/web/CWebApplication.php(282): CController->run('')
#21 /var/www/Yii/framework/web/CWebApplication.php(141): CWebApplication->runController('')
#22 /var/www/Yii/framework/base/CApplication.php(180): CWebApplication->processRequest()
#23 /var/www/pipelines/index.php(13): CApplication->run()
#24 {main}
REQUEST_URI=/pipelines/index.php
---
2015/05/27 05:56:32 [error] [exception.Exception] exception 'Exception' with message 'Invalid Bootstrap path and CDN URL not set. Set vendor.twbs.bootstrap.dist alias or cdnUrl parameter in the configuration file.' in /var/www/pipelines/protected/extensions/bootstrap/components/TbApi.php:245
Stack trace:
#0 /var/www/pipelines/protected/extensions/bootstrap/components/TbApi.php(75): TbApi->getBootstrapUrl()
#1 /var/www/pipelines/protected/extensions/bootstrap/components/TbApi.php(122): TbApi->registerCoreCss()
#2 /var/www/pipelines/protected/extensions/bootstrap/components/TbApi.php(167): TbApi->registerAllCss()
#3 /var/www/pipelines/protected/views/layouts/main.php(17): TbApi->register()
#4 /var/www/Yii/framework/web/CBaseController.php(126): require('/var/www/pipeli...')
#5 /var/www/Yii/framework/web/CBaseController.php(95): CBaseController->renderInternal('/var/www/pipeli...', Array, true)
#6 /var/www/Yii/framework/web/widgets/CContentDecorator.php(76): CBaseController->renderFile('/var/www/pipeli...', Array, true)
#7 /var/www/Yii/framework/web/widgets/CContentDecorator.php(54): CContentDecorator->decorate('<div id="conten...')
#8 /var/www/Yii/framework/web/widgets/COutputProcessor.php(44): CContentDecorator->processOutput('<div id="conten...')
#9 /var/www/Yii/framework/web/CBaseController.php(206): COutputProcessor->run()
#10 /var/www/Yii/framework/web/CBaseController.php(300): CBaseController->endWidget('CContentDecorat...')
#11 /var/www/pipelines/protected/views/layouts/column1.php(6): CBaseController->endContent()
#12 /var/www/Yii/framework/web/CBaseController.php(126): require('/var/www/pipeli...')
#13 /var/www/Yii/framework/web/CBaseController.php(95): CBaseController->renderInternal('/var/www/pipeli...', Array, true)
#14 /var/www/Yii/framework/web/CController.php(784): CBaseController->renderFile('/var/www/pipeli...', Array, true)
#15 /var/www/pipelines/protected/controllers/SiteController.php(32): CController->render('index')
#16 /var/www/Yii/framework/web/actions/CInlineAction.php(49): SiteController->actionIndex()
#17 /var/www/Yii/framework/web/CController.php(308): CInlineAction->runWithParams(Array)
#18 /var/www/Yii/framework/web/CController.php(286): CController->runAction(Object(CInlineAction))
#19 /var/www/Yii/framework/web/CController.php(265): CController->runActionWithFilters(Object(CInlineAction), Array)
#20 /var/www/Yii/framework/web/CWebApplication.php(282): CController->run('')
#21 /var/www/Yii/framework/web/CWebApplication.php(141): CWebApplication->runController('')
#22 /var/www/Yii/framework/base/CApplication.php(180): CWebApplication->processRequest()
#23 /var/www/pipelines/index.php(13): CApplication->run()
#24 {main}
REQUEST_URI=/pipelines/index.php
---
2015/05/27 05:56:32 [error] [exception.Exception] exception 'Exception' with message 'Invalid Bootstrap path and CDN URL not set. Set vendor.twbs.bootstrap.dist alias or cdnUrl parameter in the configuration file.' in /var/www/pipelines/protected/extensions/bootstrap/components/TbApi.php:245
Stack trace:
#0 /var/www/pipelines/protected/extensions/bootstrap/components/TbApi.php(75): TbApi->getBootstrapUrl()
#1 /var/www/pipelines/protected/extensions/bootstrap/components/TbApi.php(122): TbApi->registerCoreCss()
#2 /var/www/pipelines/protected/extensions/bootstrap/components/TbApi.php(167): TbApi->registerAllCss()
#3 /var/www/pipelines/protected/views/layouts/main.php(17): TbApi->register()
#4 /var/www/Yii/framework/web/CBaseController.php(126): require('/var/www/pipeli...')
#5 /var/www/Yii/framework/web/CBaseController.php(95): CBaseController->renderInternal('/var/www/pipeli...', Array, true)
#6 /var/www/Yii/framework/web/widgets/CContentDecorator.php(76): CBaseController->renderFile('/var/www/pipeli...', Array, true)
#7 /var/www/Yii/framework/web/widgets/CContentDecorator.php(54): CContentDecorator->decorate('<div id="conten...')
#8 /var/www/Yii/framework/web/widgets/COutputProcessor.php(44): CContentDecorator->processOutput('<div id="conten...')
#9 /var/www/Yii/framework/web/CBaseController.php(206): COutputProcessor->run()
#10 /var/www/Yii/framework/web/CBaseController.php(300): CBaseController->endWidget('CContentDecorat...')
#11 /var/www/pipelines/protected/views/layouts/column1.php(6): CBaseController->endContent()
#12 /var/www/Yii/framework/web/CBaseController.php(126): require('/var/www/pipeli...')
#13 /var/www/Yii/framework/web/CBaseController.php(95): CBaseController->renderInternal('/var/www/pipeli...', Array, true)
#14 /var/www/Yii/framework/web/CController.php(784): CBaseController->renderFile('/var/www/pipeli...', Array, true)
#15 /var/www/pipelines/protected/controllers/SiteController.php(32): CController->render('index')
#16 /var/www/Yii/framework/web/actions/CInlineAction.php(49): SiteController->actionIndex()
#17 /var/www/Yii/framework/web/CController.php(308): CInlineAction->runWithParams(Array)
#18 /var/www/Yii/framework/web/CController.php(286): CController->runAction(Object(CInlineAction))
#19 /var/www/Yii/framework/web/CController.php(265): CController->runActionWithFilters(Object(CInlineAction), Array)
#20 /var/www/Yii/framework/web/CWebApplication.php(282): CController->run('')
#21 /var/www/Yii/framework/web/CWebApplication.php(141): CWebApplication->runController('')
#22 /var/www/Yii/framework/base/CApplication.php(180): CWebApplication->processRequest()
#23 /var/www/pipelines/index.php(13): CApplication->run()
#24 {main}
REQUEST_URI=/pipelines/index.php
---
2015/05/27 05:56:33 [error] [exception.Exception] exception 'Exception' with message 'Invalid Bootstrap path and CDN URL not set. Set vendor.twbs.bootstrap.dist alias or cdnUrl parameter in the configuration file.' in /var/www/pipelines/protected/extensions/bootstrap/components/TbApi.php:245
Stack trace:
#0 /var/www/pipelines/protected/extensions/bootstrap/components/TbApi.php(75): TbApi->getBootstrapUrl()
#1 /var/www/pipelines/protected/extensions/bootstrap/components/TbApi.php(122): TbApi->registerCoreCss()
#2 /var/www/pipelines/protected/extensions/bootstrap/components/TbApi.php(167): TbApi->registerAllCss()
#3 /var/www/pipelines/protected/views/layouts/main.php(17): TbApi->register()
#4 /var/www/Yii/framework/web/CBaseController.php(126): require('/var/www/pipeli...')
#5 /var/www/Yii/framework/web/CBaseController.php(95): CBaseController->renderInternal('/var/www/pipeli...', Array, true)
#6 /var/www/Yii/framework/web/widgets/CContentDecorator.php(76): CBaseController->renderFile('/var/www/pipeli...', Array, true)
#7 /var/www/Yii/framework/web/widgets/CContentDecorator.php(54): CContentDecorator->decorate('<div id="conten...')
#8 /var/www/Yii/framework/web/widgets/COutputProcessor.php(44): CContentDecorator->processOutput('<div id="conten...')
#9 /var/www/Yii/framework/web/CBaseController.php(206): COutputProcessor->run()
#10 /var/www/Yii/framework/web/CBaseController.php(300): CBaseController->endWidget('CContentDecorat...')
#11 /var/www/pipelines/protected/views/layouts/column1.php(6): CBaseController->endContent()
#12 /var/www/Yii/framework/web/CBaseController.php(126): require('/var/www/pipeli...')
#13 /var/www/Yii/framework/web/CBaseController.php(95): CBaseController->renderInternal('/var/www/pipeli...', Array, true)
#14 /var/www/Yii/framework/web/CController.php(784): CBaseController->renderFile('/var/www/pipeli...', Array, true)
#15 /var/www/pipelines/protected/controllers/SiteController.php(32): CController->render('index')
#16 /var/www/Yii/framework/web/actions/CInlineAction.php(49): SiteController->actionIndex()
#17 /var/www/Yii/framework/web/CController.php(308): CInlineAction->runWithParams(Array)
#18 /var/www/Yii/framework/web/CController.php(286): CController->runAction(Object(CInlineAction))
#19 /var/www/Yii/framework/web/CController.php(265): CController->runActionWithFilters(Object(CInlineAction), Array)
#20 /var/www/Yii/framework/web/CWebApplication.php(282): CController->run('')
#21 /var/www/Yii/framework/web/CWebApplication.php(141): CWebApplication->runController('')
#22 /var/www/Yii/framework/base/CApplication.php(180): CWebApplication->processRequest()
#23 /var/www/pipelines/index.php(13): CApplication->run()
#24 {main}
REQUEST_URI=/pipelines/index.php
---
2015/05/27 05:56:33 [error] [exception.Exception] exception 'Exception' with message 'Invalid Bootstrap path and CDN URL not set. Set vendor.twbs.bootstrap.dist alias or cdnUrl parameter in the configuration file.' in /var/www/pipelines/protected/extensions/bootstrap/components/TbApi.php:245
Stack trace:
#0 /var/www/pipelines/protected/extensions/bootstrap/components/TbApi.php(75): TbApi->getBootstrapUrl()
#1 /var/www/pipelines/protected/extensions/bootstrap/components/TbApi.php(122): TbApi->registerCoreCss()
#2 /var/www/pipelines/protected/extensions/bootstrap/components/TbApi.php(167): TbApi->registerAllCss()
#3 /var/www/pipelines/protected/views/layouts/main.php(17): TbApi->register()
#4 /var/www/Yii/framework/web/CBaseController.php(126): require('/var/www/pipeli...')
#5 /var/www/Yii/framework/web/CBaseController.php(95): CBaseController->renderInternal('/var/www/pipeli...', Array, true)
#6 /var/www/Yii/framework/web/widgets/CContentDecorator.php(76): CBaseController->renderFile('/var/www/pipeli...', Array, true)
#7 /var/www/Yii/framework/web/widgets/CContentDecorator.php(54): CContentDecorator->decorate('<div id="conten...')
#8 /var/www/Yii/framework/web/widgets/COutputProcessor.php(44): CContentDecorator->processOutput('<div id="conten...')
#9 /var/www/Yii/framework/web/CBaseController.php(206): COutputProcessor->run()
#10 /var/www/Yii/framework/web/CBaseController.php(300): CBaseController->endWidget('CContentDecorat...')
#11 /var/www/pipelines/protected/views/layouts/column1.php(6): CBaseController->endContent()
#12 /var/www/Yii/framework/web/CBaseController.php(126): require('/var/www/pipeli...')
#13 /var/www/Yii/framework/web/CBaseController.php(95): CBaseController->renderInternal('/var/www/pipeli...', Array, true)
#14 /var/www/Yii/framework/web/CController.php(784): CBaseController->renderFile('/var/www/pipeli...', Array, true)
#15 /var/www/pipelines/protected/controllers/SiteController.php(32): CController->render('index')
#16 /var/www/Yii/framework/web/actions/CInlineAction.php(49): SiteController->actionIndex()
#17 /var/www/Yii/framework/web/CController.php(308): CInlineAction->runWithParams(Array)
#18 /var/www/Yii/framework/web/CController.php(286): CController->runAction(Object(CInlineAction))
#19 /var/www/Yii/framework/web/CController.php(265): CController->runActionWithFilters(Object(CInlineAction), Array)
#20 /var/www/Yii/framework/web/CWebApplication.php(282): CController->run('')
#21 /var/www/Yii/framework/web/CWebApplication.php(141): CWebApplication->runController('')
#22 /var/www/Yii/framework/base/CApplication.php(180): CWebApplication->processRequest()
#23 /var/www/pipelines/index.php(13): CApplication->run()
#24 {main}
REQUEST_URI=/pipelines/index.php
---
2015/05/27 05:57:46 [error] [exception.Exception] exception 'Exception' with message 'Invalid Bootstrap path and CDN URL not set. Set vendor.twbs.bootstrap.dist alias or cdnUrl parameter in the configuration file.' in /var/www/pipelines/protected/extensions/bootstrap/components/TbApi.php:245
Stack trace:
#0 /var/www/pipelines/protected/extensions/bootstrap/components/TbApi.php(75): TbApi->getBootstrapUrl()
#1 /var/www/pipelines/protected/extensions/bootstrap/components/TbApi.php(122): TbApi->registerCoreCss()
#2 /var/www/pipelines/protected/extensions/bootstrap/components/TbApi.php(167): TbApi->registerAllCss()
#3 /var/www/pipelines/protected/views/layouts/main.php(14): TbApi->register()
#4 /var/www/Yii/framework/web/CBaseController.php(126): require('/var/www/pipeli...')
#5 /var/www/Yii/framework/web/CBaseController.php(95): CBaseController->renderInternal('/var/www/pipeli...', Array, true)
#6 /var/www/Yii/framework/web/widgets/CContentDecorator.php(76): CBaseController->renderFile('/var/www/pipeli...', Array, true)
#7 /var/www/Yii/framework/web/widgets/CContentDecorator.php(54): CContentDecorator->decorate('<div id="conten...')
#8 /var/www/Yii/framework/web/widgets/COutputProcessor.php(44): CContentDecorator->processOutput('<div id="conten...')
#9 /var/www/Yii/framework/web/CBaseController.php(206): COutputProcessor->run()
#10 /var/www/Yii/framework/web/CBaseController.php(300): CBaseController->endWidget('CContentDecorat...')
#11 /var/www/pipelines/protected/views/layouts/column1.php(6): CBaseController->endContent()
#12 /var/www/Yii/framework/web/CBaseController.php(126): require('/var/www/pipeli...')
#13 /var/www/Yii/framework/web/CBaseController.php(95): CBaseController->renderInternal('/var/www/pipeli...', Array, true)
#14 /var/www/Yii/framework/web/CController.php(784): CBaseController->renderFile('/var/www/pipeli...', Array, true)
#15 /var/www/pipelines/protected/controllers/SiteController.php(32): CController->render('index')
#16 /var/www/Yii/framework/web/actions/CInlineAction.php(49): SiteController->actionIndex()
#17 /var/www/Yii/framework/web/CController.php(308): CInlineAction->runWithParams(Array)
#18 /var/www/Yii/framework/web/CController.php(286): CController->runAction(Object(CInlineAction))
#19 /var/www/Yii/framework/web/CController.php(265): CController->runActionWithFilters(Object(CInlineAction), Array)
#20 /var/www/Yii/framework/web/CWebApplication.php(282): CController->run('')
#21 /var/www/Yii/framework/web/CWebApplication.php(141): CWebApplication->runController('')
#22 /var/www/Yii/framework/base/CApplication.php(180): CWebApplication->processRequest()
#23 /var/www/pipelines/index.php(13): CApplication->run()
#24 {main}
REQUEST_URI=/pipelines/index.php
---
2015/05/27 06:00:14 [error] [exception.Exception] exception 'Exception' with message 'Invalid Bootstrap path and CDN URL not set. Set vendor.twbs.bootstrap.dist alias or cdnUrl parameter in the configuration file.' in /var/www/pipelines/protected/extensions/bootstrap/components/TbApi.php:245
Stack trace:
#0 /var/www/pipelines/protected/extensions/bootstrap/components/TbApi.php(75): TbApi->getBootstrapUrl()
#1 /var/www/pipelines/protected/extensions/bootstrap/components/TbApi.php(122): TbApi->registerCoreCss()
#2 /var/www/pipelines/protected/extensions/bootstrap/components/TbApi.php(167): TbApi->registerAllCss()
#3 /var/www/pipelines/protected/views/layouts/main.php(14): TbApi->register()
#4 /var/www/Yii/framework/web/CBaseController.php(126): require('/var/www/pipeli...')
#5 /var/www/Yii/framework/web/CBaseController.php(95): CBaseController->renderInternal('/var/www/pipeli...', Array, true)
#6 /var/www/Yii/framework/web/widgets/CContentDecorator.php(76): CBaseController->renderFile('/var/www/pipeli...', Array, true)
#7 /var/www/Yii/framework/web/widgets/CContentDecorator.php(54): CContentDecorator->decorate('<div id="conten...')
#8 /var/www/Yii/framework/web/widgets/COutputProcessor.php(44): CContentDecorator->processOutput('<div id="conten...')
#9 /var/www/Yii/framework/web/CBaseController.php(206): COutputProcessor->run()
#10 /var/www/Yii/framework/web/CBaseController.php(300): CBaseController->endWidget('CContentDecorat...')
#11 /var/www/pipelines/protected/views/layouts/column1.php(6): CBaseController->endContent()
#12 /var/www/Yii/framework/web/CBaseController.php(126): require('/var/www/pipeli...')
#13 /var/www/Yii/framework/web/CBaseController.php(95): CBaseController->renderInternal('/var/www/pipeli...', Array, true)
#14 /var/www/Yii/framework/web/CController.php(784): CBaseController->renderFile('/var/www/pipeli...', Array, true)
#15 /var/www/pipelines/protected/controllers/SiteController.php(32): CController->render('index')
#16 /var/www/Yii/framework/web/actions/CInlineAction.php(49): SiteController->actionIndex()
#17 /var/www/Yii/framework/web/CController.php(308): CInlineAction->runWithParams(Array)
#18 /var/www/Yii/framework/web/CController.php(286): CController->runAction(Object(CInlineAction))
#19 /var/www/Yii/framework/web/CController.php(265): CController->runActionWithFilters(Object(CInlineAction), Array)
#20 /var/www/Yii/framework/web/CWebApplication.php(282): CController->run('')
#21 /var/www/Yii/framework/web/CWebApplication.php(141): CWebApplication->runController('')
#22 /var/www/Yii/framework/base/CApplication.php(180): CWebApplication->processRequest()
#23 /var/www/pipelines/index.php(13): CApplication->run()
#24 {main}
REQUEST_URI=/pipelines/index.php
---
2015/05/27 06:14:49 [error] [php] include(BootstrapCode.php): failed to open stream: No such file or directory (/var/www/Yii/framework/YiiBase.php:427)
Stack trace:
#0 unknown(0): spl_autoload_call()
#1 /var/www/Yii/framework/YiiBase.php(292): class_exists()
#2 /var/www/pipelines/protected/extensions/bootstrap/gii/bootstrap/BootstrapGenerator.php(11): import()
#3 /var/www/Yii/framework/YiiBase.php(320): require()
#4 /var/www/Yii/framework/YiiBase.php(196): import()
#5 /var/www/Yii/framework/web/CWebApplication.php(332): createComponent()
#6 /var/www/Yii/framework/web/CWebApplication.php(338): CWebApplication->createController()
#7 /var/www/Yii/framework/web/CWebApplication.php(276): CWebApplication->createController()
#8 /var/www/Yii/framework/web/CWebApplication.php(141): CWebApplication->runController()
#9 /var/www/Yii/framework/base/CApplication.php(180): CWebApplication->processRequest()
#10 /var/www/pipelines/index.php(13): CWebApplication->run()
REQUEST_URI=/pipelines/index.php?r=gii/bootstrap/index
in /var/www/pipelines/protected/extensions/bootstrap/gii/bootstrap/BootstrapGenerator.php (11)
in /var/www/pipelines/index.php (13)
2015/05/27 06:47:18 [error] [exception.CHttpException.404] exception 'CHttpException' with message '   "points/index".' in /var/www/Yii/framework/web/CWebApplication.php:286
Stack trace:
#0 /var/www/Yii/framework/web/CWebApplication.php(141): CWebApplication->runController('points/index')
#1 /var/www/Yii/framework/base/CApplication.php(180): CWebApplication->processRequest()
#2 /var/www/pipelines/index.php(13): CApplication->run()
#3 {main}
REQUEST_URI=/pipelines/index.php?r=points/index
HTTP_REFERER=http://localhost/pipelines/index.php
---
2015/05/27 06:47:59 [error] [exception.CHttpException.404] exception 'CHttpException' with message '   "points/index".' in /var/www/Yii/framework/web/CWebApplication.php:286
Stack trace:
#0 /var/www/Yii/framework/web/CWebApplication.php(141): CWebApplication->runController('points/index')
#1 /var/www/Yii/framework/base/CApplication.php(180): CWebApplication->processRequest()
#2 /var/www/pipelines/index.php(13): CApplication->run()
#3 {main}
REQUEST_URI=/pipelines/index.php?r=points/index
HTTP_REFERER=http://localhost/pipelines/index.php
---
2015/05/27 06:48:01 [error] [exception.CHttpException.404] exception 'CHttpException' with message '   "points/index".' in /var/www/Yii/framework/web/CWebApplication.php:286
Stack trace:
#0 /var/www/Yii/framework/web/CWebApplication.php(141): CWebApplication->runController('points/index')
#1 /var/www/Yii/framework/base/CApplication.php(180): CWebApplication->processRequest()
#2 /var/www/pipelines/index.php(13): CApplication->run()
#3 {main}
REQUEST_URI=/pipelines/index.php?r=points/index
HTTP_REFERER=http://localhost/pipelines/index.php
---
2015/05/27 07:32:24 [error] [php] Undefined variable: id (/var/www/pipelines/protected/controllers/PointController.php:7)
Stack trace:
#0 /var/www/Yii/framework/web/CController.php(286): PointController->runAction()
#1 /var/www/Yii/framework/web/CController.php(265): PointController->runActionWithFilters()
#2 /var/www/Yii/framework/web/CWebApplication.php(282): PointController->run()
#3 /var/www/Yii/framework/web/CWebApplication.php(141): CWebApplication->runController()
#4 /var/www/Yii/framework/base/CApplication.php(180): CWebApplication->processRequest()
#5 /var/www/pipelines/index.php(13): CWebApplication->run()
REQUEST_URI=/pipelines/index.php?r=point/index
in /var/www/pipelines/protected/controllers/PointController.php (7)
in /var/www/pipelines/index.php (13)
2015/05/27 07:32:56 [error] [php] Undefined index: HTTP_X_REQUESTED_WITH (/var/www/pipelines/protected/controllers/PointController.php:17)
Stack trace:
#0 /var/www/Yii/framework/web/CController.php(286): PointController->runAction()
#1 /var/www/Yii/framework/web/CController.php(265): PointController->runActionWithFilters()
#2 /var/www/Yii/framework/web/CWebApplication.php(282): PointController->run()
#3 /var/www/Yii/framework/web/CWebApplication.php(141): CWebApplication->runController()
#4 /var/www/Yii/framework/base/CApplication.php(180): CWebApplication->processRequest()
#5 /var/www/pipelines/index.php(13): CWebApplication->run()
REQUEST_URI=/pipelines/index.php?r=point/index
in /var/www/pipelines/protected/controllers/PointController.php (17)
in /var/www/pipelines/index.php (13)
2015/05/28 05:07:23 [error] [php] include(Freshy2Menu.php): failed to open stream: No such file or directory (/var/www/Yii/framework/YiiBase.php:427)
Stack trace:
#0 /var/www/Yii/framework/web/CWidgetFactory.php(146): import()
#1 /var/www/Yii/framework/web/CBaseController.php(146): CWidgetFactory->createWidget()
#2 /var/www/Yii/framework/web/CBaseController.php(172): SiteController->createWidget()
#3 /var/www/pipelines/themes/freshy2/views/layouts/main.php(56): SiteController->widget()
#4 /var/www/Yii/framework/web/CBaseController.php(126): require()
#5 /var/www/Yii/framework/web/CBaseController.php(95): SiteController->renderInternal()
#6 /var/www/Yii/framework/web/widgets/CContentDecorator.php(76): SiteController->renderFile()
#7 /var/www/Yii/framework/web/widgets/CContentDecorator.php(54): CContentDecorator->decorate()
#8 /var/www/Yii/framework/web/widgets/COutputProcessor.php(44): CContentDecorator->processOutput()
#9 /var/www/Yii/framework/web/CBaseController.php(206): CContentDecorator->run()
#10 /var/www/Yii/framework/web/CBaseController.php(300): SiteController->endWidget()
#11 /var/www/pipelines/themes/freshy2/views/layouts/column1.php(36): SiteController->endContent()
#12 /var/www/Yii/framework/web/CBaseController.php(126): require()
#13 /var/www/Yii/framework/web/CBaseController.php(95): SiteController->renderInternal()
#14 /var/www/Yii/framework/web/CController.php(784): SiteController->renderFile()
#15 /var/www/pipelines/protected/controllers/SiteController.php(32): SiteController->render()
#16 /var/www/Yii/framework/web/actions/CInlineAction.php(49): SiteController->actionIndex()
#17 /var/www/Yii/framework/web/CController.php(308): CInlineAction->runWithParams()
#18 /var/www/Yii/framework/web/CController.php(286): SiteController->runAction()
#19 /var/www/Yii/framework/web/CController.php(265): SiteController->runActionWithFilters()
#20 /var/www/Yii/framework/web/CWebApplication.php(282): SiteController->run()
#21 /var/www/Yii/framework/web/CWebApplication.php(141): CWebApplication->runController()
#22 /var/www/Yii/framework/base/CApplication.php(180): CWebApplication->processRequest()
#23 /var/www/pipelines/index.php(13): CWebApplication->run()
REQUEST_URI=/pipelines/index.php
in /var/www/pipelines/themes/freshy2/views/layouts/main.php (56)
in /var/www/pipelines/themes/freshy2/views/layouts/column1.php (36)
in /var/www/pipelines/protected/controllers/SiteController.php (32)
2015/05/28 05:08:36 [error] [php] include(Freshy2Menu.php): failed to open stream: No such file or directory (/var/www/Yii/framework/YiiBase.php:427)
Stack trace:
#0 /var/www/Yii/framework/web/CWidgetFactory.php(146): import()
#1 /var/www/Yii/framework/web/CBaseController.php(146): CWidgetFactory->createWidget()
#2 /var/www/Yii/framework/web/CBaseController.php(172): SiteController->createWidget()
#3 /var/www/pipelines/themes/freshy2/views/layouts/main.php(56): SiteController->widget()
#4 /var/www/Yii/framework/web/CBaseController.php(126): require()
#5 /var/www/Yii/framework/web/CBaseController.php(95): SiteController->renderInternal()
#6 /var/www/Yii/framework/web/widgets/CContentDecorator.php(76): SiteController->renderFile()
#7 /var/www/Yii/framework/web/widgets/CContentDecorator.php(54): CContentDecorator->decorate()
#8 /var/www/Yii/framework/web/widgets/COutputProcessor.php(44): CContentDecorator->processOutput()
#9 /var/www/Yii/framework/web/CBaseController.php(206): CContentDecorator->run()
#10 /var/www/Yii/framework/web/CBaseController.php(300): SiteController->endWidget()
#11 /var/www/pipelines/themes/freshy2/views/layouts/column1.php(36): SiteController->endContent()
#12 /var/www/Yii/framework/web/CBaseController.php(126): require()
#13 /var/www/Yii/framework/web/CBaseController.php(95): SiteController->renderInternal()
#14 /var/www/Yii/framework/web/CController.php(784): SiteController->renderFile()
#15 /var/www/pipelines/protected/controllers/SiteController.php(32): SiteController->render()
#16 /var/www/Yii/framework/web/actions/CInlineAction.php(49): SiteController->actionIndex()
#17 /var/www/Yii/framework/web/CController.php(308): CInlineAction->runWithParams()
#18 /var/www/Yii/framework/web/CController.php(286): SiteController->runAction()
#19 /var/www/Yii/framework/web/CController.php(265): SiteController->runActionWithFilters()
#20 /var/www/Yii/framework/web/CWebApplication.php(282): SiteController->run()
#21 /var/www/Yii/framework/web/CWebApplication.php(141): CWebApplication->runController()
#22 /var/www/Yii/framework/base/CApplication.php(180): CWebApplication->processRequest()
#23 /var/www/pipelines/index.php(13): CWebApplication->run()
REQUEST_URI=/pipelines/index.php
in /var/www/pipelines/themes/freshy2/views/layouts/main.php (56)
in /var/www/pipelines/themes/freshy2/views/layouts/column1.php (36)
in /var/www/pipelines/protected/controllers/SiteController.php (32)
2015/05/28 05:08:40 [error] [php] include(Freshy2Menu.php): failed to open stream: No such file or directory (/var/www/Yii/framework/YiiBase.php:427)
Stack trace:
#0 /var/www/Yii/framework/web/CWidgetFactory.php(146): import()
#1 /var/www/Yii/framework/web/CBaseController.php(146): CWidgetFactory->createWidget()
#2 /var/www/Yii/framework/web/CBaseController.php(172): SiteController->createWidget()
#3 /var/www/pipelines/themes/freshy2/views/layouts/main.php(56): SiteController->widget()
#4 /var/www/Yii/framework/web/CBaseController.php(126): require()
#5 /var/www/Yii/framework/web/CBaseController.php(95): SiteController->renderInternal()
#6 /var/www/Yii/framework/web/widgets/CContentDecorator.php(76): SiteController->renderFile()
#7 /var/www/Yii/framework/web/widgets/CContentDecorator.php(54): CContentDecorator->decorate()
#8 /var/www/Yii/framework/web/widgets/COutputProcessor.php(44): CContentDecorator->processOutput()
#9 /var/www/Yii/framework/web/CBaseController.php(206): CContentDecorator->run()
#10 /var/www/Yii/framework/web/CBaseController.php(300): SiteController->endWidget()
#11 /var/www/pipelines/themes/freshy2/views/layouts/column1.php(36): SiteController->endContent()
#12 /var/www/Yii/framework/web/CBaseController.php(126): require()
#13 /var/www/Yii/framework/web/CBaseController.php(95): SiteController->renderInternal()
#14 /var/www/Yii/framework/web/CController.php(784): SiteController->renderFile()
#15 /var/www/pipelines/protected/controllers/SiteController.php(32): SiteController->render()
#16 /var/www/Yii/framework/web/actions/CInlineAction.php(49): SiteController->actionIndex()
#17 /var/www/Yii/framework/web/CController.php(308): CInlineAction->runWithParams()
#18 /var/www/Yii/framework/web/CController.php(286): SiteController->runAction()
#19 /var/www/Yii/framework/web/CController.php(265): SiteController->runActionWithFilters()
#20 /var/www/Yii/framework/web/CWebApplication.php(282): SiteController->run()
#21 /var/www/Yii/framework/web/CWebApplication.php(141): CWebApplication->runController()
#22 /var/www/Yii/framework/base/CApplication.php(180): CWebApplication->processRequest()
#23 /var/www/pipelines/index.php(13): CWebApplication->run()
REQUEST_URI=/pipelines/index.php
in /var/www/pipelines/themes/freshy2/views/layouts/main.php (56)
in /var/www/pipelines/themes/freshy2/views/layouts/column1.php (36)
in /var/www/pipelines/protected/controllers/SiteController.php (32)
2015/05/28 05:10:38 [error] [php] include(Freshy2Menu.php): failed to open stream: No such file or directory (/var/www/Yii/framework/YiiBase.php:427)
Stack trace:
#0 /var/www/Yii/framework/web/CWidgetFactory.php(146): import()
#1 /var/www/Yii/framework/web/CBaseController.php(146): CWidgetFactory->createWidget()
#2 /var/www/Yii/framework/web/CBaseController.php(172): SiteController->createWidget()
#3 /var/www/pipelines/themes/freshy2/views/layouts/main.php(56): SiteController->widget()
#4 /var/www/Yii/framework/web/CBaseController.php(126): require()
#5 /var/www/Yii/framework/web/CBaseController.php(95): SiteController->renderInternal()
#6 /var/www/Yii/framework/web/widgets/CContentDecorator.php(76): SiteController->renderFile()
#7 /var/www/Yii/framework/web/widgets/CContentDecorator.php(54): CContentDecorator->decorate()
#8 /var/www/Yii/framework/web/widgets/COutputProcessor.php(44): CContentDecorator->processOutput()
#9 /var/www/Yii/framework/web/CBaseController.php(206): CContentDecorator->run()
#10 /var/www/Yii/framework/web/CBaseController.php(300): SiteController->endWidget()
#11 /var/www/pipelines/themes/freshy2/views/layouts/column1.php(36): SiteController->endContent()
#12 /var/www/Yii/framework/web/CBaseController.php(126): require()
#13 /var/www/Yii/framework/web/CBaseController.php(95): SiteController->renderInternal()
#14 /var/www/Yii/framework/web/CController.php(784): SiteController->renderFile()
#15 /var/www/pipelines/protected/controllers/SiteController.php(32): SiteController->render()
#16 /var/www/Yii/framework/web/actions/CInlineAction.php(49): SiteController->actionIndex()
#17 /var/www/Yii/framework/web/CController.php(308): CInlineAction->runWithParams()
#18 /var/www/Yii/framework/web/CController.php(286): SiteController->runAction()
#19 /var/www/Yii/framework/web/CController.php(265): SiteController->runActionWithFilters()
#20 /var/www/Yii/framework/web/CWebApplication.php(282): SiteController->run()
#21 /var/www/Yii/framework/web/CWebApplication.php(141): CWebApplication->runController()
#22 /var/www/Yii/framework/base/CApplication.php(180): CWebApplication->processRequest()
#23 /var/www/pipelines/index.php(13): CWebApplication->run()
REQUEST_URI=/pipelines/index.php
in /var/www/pipelines/themes/freshy2/views/layouts/main.php (56)
in /var/www/pipelines/themes/freshy2/views/layouts/column1.php (36)
in /var/www/pipelines/protected/controllers/SiteController.php (32)
2015/05/28 05:10:40 [error] [php] include(Freshy2Menu.php): failed to open stream: No such file or directory (/var/www/Yii/framework/YiiBase.php:427)
Stack trace:
#0 /var/www/Yii/framework/web/CWidgetFactory.php(146): import()
#1 /var/www/Yii/framework/web/CBaseController.php(146): CWidgetFactory->createWidget()
#2 /var/www/Yii/framework/web/CBaseController.php(172): SiteController->createWidget()
#3 /var/www/pipelines/themes/freshy2/views/layouts/main.php(56): SiteController->widget()
#4 /var/www/Yii/framework/web/CBaseController.php(126): require()
#5 /var/www/Yii/framework/web/CBaseController.php(95): SiteController->renderInternal()
#6 /var/www/Yii/framework/web/widgets/CContentDecorator.php(76): SiteController->renderFile()
#7 /var/www/Yii/framework/web/widgets/CContentDecorator.php(54): CContentDecorator->decorate()
#8 /var/www/Yii/framework/web/widgets/COutputProcessor.php(44): CContentDecorator->processOutput()
#9 /var/www/Yii/framework/web/CBaseController.php(206): CContentDecorator->run()
#10 /var/www/Yii/framework/web/CBaseController.php(300): SiteController->endWidget()
#11 /var/www/pipelines/themes/freshy2/views/layouts/column1.php(36): SiteController->endContent()
#12 /var/www/Yii/framework/web/CBaseController.php(126): require()
#13 /var/www/Yii/framework/web/CBaseController.php(95): SiteController->renderInternal()
#14 /var/www/Yii/framework/web/CController.php(784): SiteController->renderFile()
#15 /var/www/pipelines/protected/controllers/SiteController.php(32): SiteController->render()
#16 /var/www/Yii/framework/web/actions/CInlineAction.php(49): SiteController->actionIndex()
#17 /var/www/Yii/framework/web/CController.php(308): CInlineAction->runWithParams()
#18 /var/www/Yii/framework/web/CController.php(286): SiteController->runAction()
#19 /var/www/Yii/framework/web/CController.php(265): SiteController->runActionWithFilters()
#20 /var/www/Yii/framework/web/CWebApplication.php(282): SiteController->run()
#21 /var/www/Yii/framework/web/CWebApplication.php(141): CWebApplication->runController()
#22 /var/www/Yii/framework/base/CApplication.php(180): CWebApplication->processRequest()
#23 /var/www/pipelines/index.php(13): CWebApplication->run()
REQUEST_URI=/pipelines/index.php
in /var/www/pipelines/themes/freshy2/views/layouts/main.php (56)
in /var/www/pipelines/themes/freshy2/views/layouts/column1.php (36)
in /var/www/pipelines/protected/controllers/SiteController.php (32)
